<?xml version="1.0" encoding="UTF-8"?>
<!-- Generated by org.testng.reporters.JUnitReportReporter -->
<testsuite hostname="DESKTOP-68174K6" name="test.GoogleMapTest" tests="2" failures="0" timestamp="14 May 2021 17:24:15 GMT" time="44.754" errors="0">
  <testcase name="searchDestination" time="21.694" classname="test.GoogleMapTest"/>
  <testcase name="searchDestination" time="23.060" classname="test.GoogleMapTest"/>
</testsuite> <!-- test.GoogleMapTest -->
