<?xml version="1.0" encoding="UTF-8"?>
<!-- Generated by org.testng.reporters.JUnitReportReporter -->
<testsuite hostname="hp-PC" failures="0" tests="1" name="test.QAAgilityTest" time="23.332" errors="0" timestamp="18 Aug 2020 16:59:00 GMT" skipped="0">
  <testcase classname="test.QAAgilityTest" name="loginTest" time="23.332"/>
</testsuite> <!-- test.QAAgilityTest -->
