<?xml version="1.0" encoding="UTF-8"?>
<!-- Generated by org.testng.reporters.JUnitReportReporter -->
<testsuite hostname="DESKTOP-6OB3PK9" name="test.GoogleMapTest" tests="2" failures="0" timestamp="14 Mar 2021 18:15:30 GMT" time="43.182" errors="0">
  <testcase name="searchDestination" time="24.054" classname="test.GoogleMapTest"/>
  <testcase name="searchDestination" time="19.128" classname="test.GoogleMapTest"/>
</testsuite> <!-- test.GoogleMapTest -->
