<?xml version="1.0" encoding="UTF-8"?>
<!-- Generated by org.testng.reporters.JUnitReportReporter -->
<testsuite hostname="hp-PC" failures="0" tests="1" name="test.GoogleMapTest" time="27.134" errors="0" timestamp="26 Aug 2020 05:22:58 GMT" skipped="0">
  <testcase classname="test.GoogleMapTest" name="searchDestination" time="27.134"/>
</testsuite> <!-- test.GoogleMapTest -->
