<?xml version="1.0" encoding="UTF-8"?>
<!-- Generated by org.testng.reporters.JUnitReportReporter -->
<testsuite hostname="hp-PC" failures="0" tests="1" name="test.QAAgilityTest" time="15.321" errors="0" timestamp="22 Aug 2020 13:16:50 GMT" skipped="0">
  <testcase classname="test.QAAgilityTest" name="loginTest" time="15.321"/>
</testsuite> <!-- test.QAAgilityTest -->
